app/build/intermediates/manifest_merge_blame_file/debug/manifest-merger-blame-debug-report.txt
1<?xml version="1.0" encoding="utf-8"?>
2<manifest xmlns:android="http://schemas.android.com/apk/res/android"
3    package="com.reportedsocks.movieslistapp"
4    android:versionCode="1"
5    android:versionName="1.0" >
6
7    <uses-sdk
8        android:minSdkVersion="23"
8-->src\main\AndroidManifest.xml
9        android:targetSdkVersion="29" />
9-->src\main\AndroidManifest.xml
10
11    <uses-permission android:name="android.permission.INTERNET" />
11-->src\main\AndroidManifest.xml:4:5-66
11-->src\main\AndroidManifest.xml:4:22-64
12    <uses-permission android:name="android.permission.ACCESS_NETWORK_STATE" /> <!-- Optional permission for Analytics to run. -->
12-->[com.google.android.gms:play-services-ads-lite:12.0.1] AndroidManifest.xml:24:5-79
12-->[com.google.android.gms:play-services-ads-lite:12.0.1] AndroidManifest.xml:24:22-76
13    <uses-permission android:name="android.permission.WAKE_LOCK" /> <!-- Required by older versions of Google Play services to create GCM registration tokens -->
13-->[com.google.android.gms:play-services-analytics:12.0.1] AndroidManifest.xml:27:5-68
13-->[com.google.android.gms:play-services-analytics:12.0.1] AndroidManifest.xml:27:22-65
14    <uses-permission android:name="com.google.android.c2dm.permission.RECEIVE" />
14-->[com.google.android.gms:play-services-gcm:12.0.1] AndroidManifest.xml:23:5-82
14-->[com.google.android.gms:play-services-gcm:12.0.1] AndroidManifest.xml:23:22-79
15
16    <uses-feature
16-->[com.google.android.gms:play-services-maps:12.0.1] AndroidManifest.xml:26:5-28:35
17        android:glEsVersion="0x00020000"
17-->[com.google.android.gms:play-services-maps:12.0.1] AndroidManifest.xml:27:9-41
18        android:required="true" />
18-->[com.google.android.gms:play-services-maps:12.0.1] AndroidManifest.xml:28:9-32
19
20    <permission
20-->[com.google.firebase:firebase-iid:12.0.1] AndroidManifest.xml:28:5-30:47
21        android:name="com.reportedsocks.movieslistapp.permission.C2D_MESSAGE"
21-->[com.google.firebase:firebase-iid:12.0.1] AndroidManifest.xml:29:9-63
22        android:protectionLevel="signature" />
22-->[com.google.firebase:firebase-iid:12.0.1] AndroidManifest.xml:30:9-44
23
24    <uses-permission android:name="com.reportedsocks.movieslistapp.permission.C2D_MESSAGE" />
24-->[com.google.firebase:firebase-iid:12.0.1] AndroidManifest.xml:32:5-79
24-->[com.google.firebase:firebase-iid:12.0.1] AndroidManifest.xml:32:22-76
25
26    <application
26-->src\main\AndroidManifest.xml:7:5-26:19
27        android:allowBackup="true"
27-->src\main\AndroidManifest.xml:9:9-35
28        android:appComponentFactory="androidx.core.app.CoreComponentFactory"
28-->[androidx.core:core:1.1.0] AndroidManifest.xml:24:18-86
29        android:debuggable="true"
30        android:icon="@mipmap/ic_launcher"
30-->src\main\AndroidManifest.xml:10:9-43
31        android:label="@string/app_name"
31-->src\main\AndroidManifest.xml:11:9-41
32        android:roundIcon="@mipmap/ic_launcher_round"
32-->src\main\AndroidManifest.xml:12:9-54
33        android:supportsRtl="true"
33-->src\main\AndroidManifest.xml:13:9-35
34        android:testOnly="true"
35        android:theme="@style/AppTheme"
35-->src\main\AndroidManifest.xml:14:9-40
36        android:usesCleartextTraffic="true" >
36-->src\main\AndroidManifest.xml:8:9-44
37        <uses-library
37-->src\main\AndroidManifest.xml:15:9-17:40
38            android:name="org.apache.http.legacy"
38-->src\main\AndroidManifest.xml:16:13-50
39            android:required="false" />
39-->src\main\AndroidManifest.xml:17:13-37
40
41        <activity android:name="com.reportedsocks.movieslistapp.MainActivity" >
41-->src\main\AndroidManifest.xml:19:9-25:20
41-->src\main\AndroidManifest.xml:19:19-78
42            <intent-filter>
42-->src\main\AndroidManifest.xml:20:13-24:29
43                <action android:name="android.intent.action.MAIN" />
43-->src\main\AndroidManifest.xml:21:17-69
43-->src\main\AndroidManifest.xml:21:25-66
44
45                <category android:name="android.intent.category.LAUNCHER" />
45-->src\main\AndroidManifest.xml:23:17-77
45-->src\main\AndroidManifest.xml:23:27-74
46            </intent-filter>
47        </activity>
48
49        <receiver android:name="com.google.android.gms.cast.framework.media.MediaIntentReceiver" />
49-->[com.google.android.gms:play-services-cast-framework:12.0.1] AndroidManifest.xml:8:9-100
49-->[com.google.android.gms:play-services-cast-framework:12.0.1] AndroidManifest.xml:8:19-97
50
51        <service android:name="com.google.android.gms.cast.framework.media.MediaNotificationService" />
51-->[com.google.android.gms:play-services-cast-framework:12.0.1] AndroidManifest.xml:10:9-104
51-->[com.google.android.gms:play-services-cast-framework:12.0.1] AndroidManifest.xml:10:18-101
52        <service android:name="com.google.android.gms.cast.framework.ReconnectionService" /> <!-- Include the AdActivity and InAppPurchaseActivity configChanges and themes. -->
52-->[com.google.android.gms:play-services-cast-framework:12.0.1] AndroidManifest.xml:11:9-93
52-->[com.google.android.gms:play-services-cast-framework:12.0.1] AndroidManifest.xml:11:18-90
53        <activity
53-->[com.google.android.gms:play-services-ads-lite:12.0.1] AndroidManifest.xml:29:9-33:64
54            android:name="com.google.android.gms.ads.AdActivity"
54-->[com.google.android.gms:play-services-ads-lite:12.0.1] AndroidManifest.xml:30:13-65
55            android:configChanges="keyboard|keyboardHidden|orientation|screenLayout|uiMode|screenSize|smallestScreenSize"
55-->[com.google.android.gms:play-services-ads-lite:12.0.1] AndroidManifest.xml:31:13-122
56            android:exported="false"
56-->[com.google.android.gms:play-services-ads-lite:12.0.1] AndroidManifest.xml:32:13-37
57            android:theme="@android:style/Theme.Translucent" />
57-->[com.google.android.gms:play-services-ads-lite:12.0.1] AndroidManifest.xml:33:13-61
58
59        <receiver
59-->[com.google.android.gms:play-services-analytics:12.0.1] AndroidManifest.xml:30:9-34:20
60            android:name="com.google.android.gms.analytics.AnalyticsReceiver"
60-->[com.google.android.gms:play-services-analytics:12.0.1] AndroidManifest.xml:31:13-78
61            android:enabled="true"
61-->[com.google.android.gms:play-services-analytics:12.0.1] AndroidManifest.xml:32:13-35
62            android:exported="false" >
62-->[com.google.android.gms:play-services-analytics:12.0.1] AndroidManifest.xml:33:13-37
63        </receiver>
64
65        <service
65-->[com.google.android.gms:play-services-analytics:12.0.1] AndroidManifest.xml:36:9-39:40
66            android:name="com.google.android.gms.analytics.AnalyticsService"
66-->[com.google.android.gms:play-services-analytics:12.0.1] AndroidManifest.xml:37:13-77
67            android:enabled="true"
67-->[com.google.android.gms:play-services-analytics:12.0.1] AndroidManifest.xml:38:13-35
68            android:exported="false" />
68-->[com.google.android.gms:play-services-analytics:12.0.1] AndroidManifest.xml:39:13-37
69        <service
69-->[com.google.android.gms:play-services-analytics:12.0.1] AndroidManifest.xml:40:9-44:72
70            android:name="com.google.android.gms.analytics.AnalyticsJobService"
70-->[com.google.android.gms:play-services-analytics:12.0.1] AndroidManifest.xml:41:13-80
71            android:enabled="true"
71-->[com.google.android.gms:play-services-analytics:12.0.1] AndroidManifest.xml:42:13-35
72            android:exported="false"
72-->[com.google.android.gms:play-services-analytics:12.0.1] AndroidManifest.xml:43:13-37
73            android:permission="android.permission.BIND_JOB_SERVICE" />
73-->[com.google.android.gms:play-services-analytics:12.0.1] AndroidManifest.xml:44:13-69
74
75        <activity
75-->[com.google.android.gms:play-services-appinvite:12.0.1] AndroidManifest.xml:25:9-34:20
76            android:name="com.google.android.gms.appinvite.PreviewActivity"
76-->[com.google.android.gms:play-services-appinvite:12.0.1] AndroidManifest.xml:26:13-76
77            android:exported="true"
77-->[com.google.android.gms:play-services-appinvite:12.0.1] AndroidManifest.xml:27:13-36
78            android:theme="@style/Theme.AppInvite.Preview" >
78-->[com.google.android.gms:play-services-appinvite:12.0.1] AndroidManifest.xml:28:13-59
79            <intent-filter>
79-->[com.google.android.gms:play-services-appinvite:12.0.1] AndroidManifest.xml:29:13-33:29
80                <action android:name="com.google.android.gms.appinvite.ACTION_PREVIEW" />
80-->[com.google.android.gms:play-services-appinvite:12.0.1] AndroidManifest.xml:30:17-90
80-->[com.google.android.gms:play-services-appinvite:12.0.1] AndroidManifest.xml:30:25-87
81
82                <category android:name="android.intent.category.DEFAULT" />
82-->[com.google.android.gms:play-services-appinvite:12.0.1] AndroidManifest.xml:32:17-76
82-->[com.google.android.gms:play-services-appinvite:12.0.1] AndroidManifest.xml:32:27-73
83            </intent-filter>
84        </activity>
85        <activity
85-->[com.google.android.gms:play-services-auth:12.0.1] AndroidManifest.xml:23:9-27:75
86            android:name="com.google.android.gms.auth.api.signin.internal.SignInHubActivity"
86-->[com.google.android.gms:play-services-auth:12.0.1] AndroidManifest.xml:24:13-93
87            android:excludeFromRecents="true"
87-->[com.google.android.gms:play-services-auth:12.0.1] AndroidManifest.xml:25:13-46
88            android:exported="false"
88-->[com.google.android.gms:play-services-auth:12.0.1] AndroidManifest.xml:26:13-37
89            android:theme="@android:style/Theme.Translucent.NoTitleBar" />
89-->[com.google.android.gms:play-services-auth:12.0.1] AndroidManifest.xml:27:13-72
90        <!--
91            Service handling Google Sign-In user revocation. For apps that do not integrate with
92            Google Sign-In, this service will never be started.
93        -->
94        <service
94-->[com.google.android.gms:play-services-auth:12.0.1] AndroidManifest.xml:33:9-36:110
95            android:name="com.google.android.gms.auth.api.signin.RevocationBoundService"
95-->[com.google.android.gms:play-services-auth:12.0.1] AndroidManifest.xml:34:13-89
96            android:exported="true"
96-->[com.google.android.gms:play-services-auth:12.0.1] AndroidManifest.xml:35:13-36
97            android:permission="com.google.android.gms.auth.api.signin.permission.REVOCATION_NOTIFICATION" />
97-->[com.google.android.gms:play-services-auth:12.0.1] AndroidManifest.xml:36:13-107
98
99        <activity
99-->[com.google.firebase:firebase-auth:12.0.1] AndroidManifest.xml:23:9-29:75
100            android:name="com.google.firebase.auth.internal.FederatedSignInActivity"
100-->[com.google.firebase:firebase-auth:12.0.1] AndroidManifest.xml:24:13-85
101            android:excludeFromRecents="true"
101-->[com.google.firebase:firebase-auth:12.0.1] AndroidManifest.xml:25:13-46
102            android:exported="true"
102-->[com.google.firebase:firebase-auth:12.0.1] AndroidManifest.xml:26:13-36
103            android:launchMode="singleInstance"
103-->[com.google.firebase:firebase-auth:12.0.1] AndroidManifest.xml:27:13-48
104            android:permission="com.google.firebase.auth.api.gms.permission.LAUNCH_FEDERATED_SIGN_IN"
104-->[com.google.firebase:firebase-auth:12.0.1] AndroidManifest.xml:28:13-102
105            android:theme="@android:style/Theme.Translucent.NoTitleBar" />
105-->[com.google.firebase:firebase-auth:12.0.1] AndroidManifest.xml:29:13-72
106        <activity
106-->[com.google.android.gms:play-services-base:12.0.1] AndroidManifest.xml:23:9-26:75
107            android:name="com.google.android.gms.common.api.GoogleApiActivity"
107-->[com.google.android.gms:play-services-base:12.0.1] AndroidManifest.xml:24:13-79
108            android:exported="false"
108-->[com.google.android.gms:play-services-base:12.0.1] AndroidManifest.xml:25:13-37
109            android:theme="@android:style/Theme.Translucent.NoTitleBar" />
109-->[com.google.android.gms:play-services-base:12.0.1] AndroidManifest.xml:26:13-72
110        <!--
111             FirebaseMessagingService performs security checks at runtime,
112             no need for explicit permissions despite exported="true"
113        -->
114        <service
114-->[com.google.firebase:firebase-messaging:12.0.1] AndroidManifest.xml:28:9-34:19
115            android:name="com.google.firebase.messaging.FirebaseMessagingService"
115-->[com.google.firebase:firebase-messaging:12.0.1] AndroidManifest.xml:29:13-82
116            android:exported="true" >
116-->[com.google.firebase:firebase-messaging:12.0.1] AndroidManifest.xml:30:13-36
117            <intent-filter android:priority="-500" >
117-->[com.google.firebase:firebase-messaging:12.0.1] AndroidManifest.xml:31:13-33:29
117-->[com.google.firebase:firebase-messaging:12.0.1] AndroidManifest.xml:31:28-51
118                <action android:name="com.google.firebase.MESSAGING_EVENT" />
118-->[com.google.firebase:firebase-messaging:12.0.1] AndroidManifest.xml:32:17-78
118-->[com.google.firebase:firebase-messaging:12.0.1] AndroidManifest.xml:32:25-75
119            </intent-filter>
120        </service>
121        <service
121-->[com.google.android.gms:play-services-tagmanager-api:12.0.1] AndroidManifest.xml:27:9-30:40
122            android:name="com.google.android.gms.tagmanager.TagManagerService"
122-->[com.google.android.gms:play-services-tagmanager-api:12.0.1] AndroidManifest.xml:28:13-79
123            android:enabled="true"
123-->[com.google.android.gms:play-services-tagmanager-api:12.0.1] AndroidManifest.xml:29:13-35
124            android:exported="false" />
124-->[com.google.android.gms:play-services-tagmanager-api:12.0.1] AndroidManifest.xml:30:13-37
125
126        <activity
126-->[com.google.android.gms:play-services-tagmanager-api:12.0.1] AndroidManifest.xml:32:9-44:20
127            android:name="com.google.android.gms.tagmanager.TagManagerPreviewActivity"
127-->[com.google.android.gms:play-services-tagmanager-api:12.0.1] AndroidManifest.xml:33:13-87
128            android:exported="true"
128-->[com.google.android.gms:play-services-tagmanager-api:12.0.1] AndroidManifest.xml:34:13-36
129            android:noHistory="true" > <!-- optional, removes the previewActivity from the activity stack. -->
129-->[com.google.android.gms:play-services-tagmanager-api:12.0.1] AndroidManifest.xml:35:13-37
130            <intent-filter>
130-->[com.google.android.gms:play-services-tagmanager-api:12.0.1] AndroidManifest.xml:36:13-43:29
131                <data android:scheme="tagmanager.c.com.reportedsocks.movieslistapp" />
131-->[com.google.android.gms:play-services-tagmanager-api:12.0.1] AndroidManifest.xml:37:17-72
131-->[com.google.android.gms:play-services-tagmanager-api:12.0.1] AndroidManifest.xml:37:23-69
132
133                <action android:name="android.intent.action.VIEW" />
133-->[com.google.android.gms:play-services-tagmanager-api:12.0.1] AndroidManifest.xml:39:17-69
133-->[com.google.android.gms:play-services-tagmanager-api:12.0.1] AndroidManifest.xml:39:25-66
134
135                <category android:name="android.intent.category.DEFAULT" />
135-->[com.google.android.gms:play-services-appinvite:12.0.1] AndroidManifest.xml:32:17-76
135-->[com.google.android.gms:play-services-appinvite:12.0.1] AndroidManifest.xml:32:27-73
136                <category android:name="android.intent.category.BROWSABLE" />
136-->[com.google.android.gms:play-services-tagmanager-api:12.0.1] AndroidManifest.xml:42:17-78
136-->[com.google.android.gms:play-services-tagmanager-api:12.0.1] AndroidManifest.xml:42:27-75
137            </intent-filter>
138        </activity>
139
140        <receiver
140-->[com.google.firebase:firebase-analytics:12.0.1] AndroidManifest.xml:28:9-32:20
141            android:name="com.google.android.gms.measurement.AppMeasurementReceiver"
141-->[com.google.firebase:firebase-analytics:12.0.1] AndroidManifest.xml:29:13-85
142            android:enabled="true"
142-->[com.google.firebase:firebase-analytics:12.0.1] AndroidManifest.xml:30:13-35
143            android:exported="false" >
143-->[com.google.firebase:firebase-analytics:12.0.1] AndroidManifest.xml:31:13-37
144        </receiver>
145        <receiver
145-->[com.google.firebase:firebase-analytics:12.0.1] AndroidManifest.xml:33:9-41:20
146            android:name="com.google.android.gms.measurement.AppMeasurementInstallReferrerReceiver"
146-->[com.google.firebase:firebase-analytics:12.0.1] AndroidManifest.xml:34:13-100
147            android:enabled="true"
147-->[com.google.firebase:firebase-analytics:12.0.1] AndroidManifest.xml:35:13-35
148            android:exported="true"
148-->[com.google.firebase:firebase-analytics:12.0.1] AndroidManifest.xml:36:13-36
149            android:permission="android.permission.INSTALL_PACKAGES" >
149-->[com.google.firebase:firebase-analytics:12.0.1] AndroidManifest.xml:37:13-69
150            <intent-filter>
150-->[com.google.firebase:firebase-analytics:12.0.1] AndroidManifest.xml:38:13-40:29
151                <action android:name="com.android.vending.INSTALL_REFERRER" />
151-->[com.google.firebase:firebase-analytics:12.0.1] AndroidManifest.xml:39:17-79
151-->[com.google.firebase:firebase-analytics:12.0.1] AndroidManifest.xml:39:25-76
152            </intent-filter>
153        </receiver>
154
155        <service
155-->[com.google.firebase:firebase-analytics:12.0.1] AndroidManifest.xml:43:9-46:40
156            android:name="com.google.android.gms.measurement.AppMeasurementService"
156-->[com.google.firebase:firebase-analytics:12.0.1] AndroidManifest.xml:44:13-84
157            android:enabled="true"
157-->[com.google.firebase:firebase-analytics:12.0.1] AndroidManifest.xml:45:13-35
158            android:exported="false" />
158-->[com.google.firebase:firebase-analytics:12.0.1] AndroidManifest.xml:46:13-37
159        <service
159-->[com.google.firebase:firebase-analytics:12.0.1] AndroidManifest.xml:47:9-51:72
160            android:name="com.google.android.gms.measurement.AppMeasurementJobService"
160-->[com.google.firebase:firebase-analytics:12.0.1] AndroidManifest.xml:48:13-87
161            android:enabled="true"
161-->[com.google.firebase:firebase-analytics:12.0.1] AndroidManifest.xml:49:13-35
162            android:exported="false"
162-->[com.google.firebase:firebase-analytics:12.0.1] AndroidManifest.xml:50:13-37
163            android:permission="android.permission.BIND_JOB_SERVICE" />
163-->[com.google.firebase:firebase-analytics:12.0.1] AndroidManifest.xml:51:13-69
164
165        <receiver
165-->[com.google.firebase:firebase-iid:12.0.1] AndroidManifest.xml:35:9-44:20
166            android:name="com.google.firebase.iid.FirebaseInstanceIdReceiver"
166-->[com.google.firebase:firebase-iid:12.0.1] AndroidManifest.xml:36:13-78
167            android:exported="true"
167-->[com.google.firebase:firebase-iid:12.0.1] AndroidManifest.xml:37:13-36
168            android:permission="com.google.android.c2dm.permission.SEND" >
168-->[com.google.firebase:firebase-iid:12.0.1] AndroidManifest.xml:38:13-73
169            <intent-filter>
169-->[com.google.firebase:firebase-iid:12.0.1] AndroidManifest.xml:39:13-43:29
170                <action android:name="com.google.android.c2dm.intent.RECEIVE" />
170-->[com.google.firebase:firebase-iid:12.0.1] AndroidManifest.xml:40:17-81
170-->[com.google.firebase:firebase-iid:12.0.1] AndroidManifest.xml:40:25-78
171
172                <category android:name="com.reportedsocks.movieslistapp" />
172-->[com.google.firebase:firebase-iid:12.0.1] AndroidManifest.xml:42:17-61
172-->[com.google.firebase:firebase-iid:12.0.1] AndroidManifest.xml:42:27-58
173            </intent-filter>
174        </receiver>
175        <!--
176             FirebaseInstanceIdService performs security checks at runtime,
177             no need for explicit permissions despite exported="true"
178        -->
179        <service
179-->[com.google.firebase:firebase-iid:12.0.1] AndroidManifest.xml:50:9-56:19
180            android:name="com.google.firebase.iid.FirebaseInstanceIdService"
180-->[com.google.firebase:firebase-iid:12.0.1] AndroidManifest.xml:51:13-77
181            android:exported="true" >
181-->[com.google.firebase:firebase-iid:12.0.1] AndroidManifest.xml:52:13-36
182            <intent-filter android:priority="-500" >
182-->[com.google.firebase:firebase-iid:12.0.1] AndroidManifest.xml:53:13-55:29
182-->[com.google.firebase:firebase-iid:12.0.1] AndroidManifest.xml:53:28-51
183                <action android:name="com.google.firebase.INSTANCE_ID_EVENT" />
183-->[com.google.firebase:firebase-iid:12.0.1] AndroidManifest.xml:54:17-80
183-->[com.google.firebase:firebase-iid:12.0.1] AndroidManifest.xml:54:25-77
184            </intent-filter>
185        </service>
186
187        <provider
187-->[com.google.firebase:firebase-common:12.0.1] AndroidManifest.xml:8:9-12:39
188            android:name="com.google.firebase.provider.FirebaseInitProvider"
188-->[com.google.firebase:firebase-common:12.0.1] AndroidManifest.xml:9:13-77
189            android:authorities="com.reportedsocks.movieslistapp.firebaseinitprovider"
189-->[com.google.firebase:firebase-common:12.0.1] AndroidManifest.xml:10:13-72
190            android:exported="false"
190-->[com.google.firebase:firebase-common:12.0.1] AndroidManifest.xml:11:13-37
191            android:initOrder="100" />
191-->[com.google.firebase:firebase-common:12.0.1] AndroidManifest.xml:12:13-36
192
193        <meta-data
193-->[com.google.android.gms:play-services-basement:12.0.1] AndroidManifest.xml:23:9-25:69
194            android:name="com.google.android.gms.version"
194-->[com.google.android.gms:play-services-basement:12.0.1] AndroidManifest.xml:24:13-58
195            android:value="@integer/google_play_services_version" />
195-->[com.google.android.gms:play-services-basement:12.0.1] AndroidManifest.xml:25:13-66
196
197        <provider
197-->[com.squareup.picasso:picasso:2.71828] AndroidManifest.xml:8:9-11:40
198            android:name="com.squareup.picasso.PicassoProvider"
198-->[com.squareup.picasso:picasso:2.71828] AndroidManifest.xml:9:13-64
199            android:authorities="com.reportedsocks.movieslistapp.com.squareup.picasso"
199-->[com.squareup.picasso:picasso:2.71828] AndroidManifest.xml:10:13-72
200            android:exported="false" />
200-->[com.squareup.picasso:picasso:2.71828] AndroidManifest.xml:11:13-37
201        <provider
201-->[androidx.lifecycle:lifecycle-process:2.2.0] AndroidManifest.xml:25:9-29:43
202            android:name="androidx.lifecycle.ProcessLifecycleOwnerInitializer"
202-->[androidx.lifecycle:lifecycle-process:2.2.0] AndroidManifest.xml:26:13-79
203            android:authorities="com.reportedsocks.movieslistapp.lifecycle-process"
203-->[androidx.lifecycle:lifecycle-process:2.2.0] AndroidManifest.xml:27:13-69
204            android:exported="false"
204-->[androidx.lifecycle:lifecycle-process:2.2.0] AndroidManifest.xml:28:13-37
205            android:multiprocess="true" />
205-->[androidx.lifecycle:lifecycle-process:2.2.0] AndroidManifest.xml:29:13-40
206    </application>
207
208</manifest>